<?xml version="1.0" encoding="UTF-8"?>
<testsuite name="Registro exitoso" tests="1" skipped="0" failures="0" errors="0" timestamp="2022-08-13T22:36:06" hostname="DESKTOP-42PCL9G" time="51.65">
  <properties/>
  <testcase name="Registro exitoso de un usuario" classname="Registro exitoso" time="51.65"/>
  <system-out><![CDATA[17:36:06.401 [Test worker] INFO io.cucumber.core.plugin.SerenityReporter - Running feature from file:///C:/Users/HOME/Desktop/Semillero%20SQA/Screenplay/MiRetoScreenplay_JessicaParra/src/test/resources/features/registro.feature
17:36:06.602 [Test worker] INFO  - 
 _____ _____ ____ _____   ____ _____  _    ____ _____ _____ ____  
|_   _| ____/ ___|_   _| / ___|_   _|/ \  |  _ \_   _| ____|  _ \ 
  | | |  _| \___ \ | |   \___ \ | | / _ \ | |_) || | |  _| | | | |
  | | | |___ ___) || |    ___) || |/ ___ \|  _ < | | | |___| |_| |
  |_| |_____|____/ |_|   |____/ |_/_/   \_\_| \_\|_| |_____|____/ 

Registro exitoso de un usuario(registro-exitoso;registro-exitoso-de-un-usuario)
-------------------------------------------------------------------
17:36:06.703 [Test worker] DEBUG net.thucydides.core.requirements.model.cucumber.CucumberParser - Added feature Registro exitoso
17:36:06.721 [Test worker] DEBUG net.thucydides.core.requirements.model.cucumber.CucumberParser - Added feature Seleccionar productos
17:36:07.590 [Test worker] DEBUG net.thucydides.core.steps.StepInterceptor - STARTING STEP: RegistroStepDefinition.elUsuarioSeEncuentreEnLaPaginaWeb - {0} opens the #targetPage
17:36:07.683 [Test worker] INFO net.serenitybdd.core.webdriver.driverproviders.ChromeDriverProvider - Using automatically driver download
17:36:08.834 [Test worker] DEBUG io.github.bonigarcia.wdm.cache.ResolutionCache - Removing resolution chrome=104 from cache (expired on Fri Aug 12 13:56:05 COT 2022)
17:36:08.839 [Test worker] DEBUG io.github.bonigarcia.wdm.versions.Shell - Running command on the shell: [wmic.exe, datafile, where, name='C:\\Program Files (x86)\\Google\\Chrome\\Application\\chrome.exe', get, Version, /value]
17:36:09.017 [Test worker] DEBUG io.github.bonigarcia.wdm.versions.Shell - Result: Version=104.0.5112.81
17:36:09.019 [Test worker] DEBUG io.github.bonigarcia.wdm.cache.ResolutionCache - Removing resolution chrome104=104.0.5112.79 from cache (expired on Sat Aug 13 12:56:05 COT 2022)
17:36:09.078 [Test worker] DEBUG org.apache.hc.client5.http.impl.classic.InternalHttpClient - ex-00000001: preparing request execution
17:36:09.099 [Test worker] DEBUG org.apache.hc.client5.http.protocol.RequestAddCookies - Cookie spec selected: strict
17:36:09.100 [Test worker] DEBUG org.apache.hc.client5.http.protocol.RequestAuthCache - Auth cache not set in the context
17:36:09.109 [Test worker] DEBUG org.apache.hc.client5.http.impl.classic.ProtocolExec - ex-00000001: target auth state: UNCHALLENGED
17:36:09.110 [Test worker] DEBUG org.apache.hc.client5.http.impl.classic.ProtocolExec - ex-00000001: proxy auth state: UNCHALLENGED
17:36:09.110 [Test worker] DEBUG org.apache.hc.client5.http.impl.classic.ConnectExec - ex-00000001: acquiring connection with route {s}->https://chromedriver.storage.googleapis.com:443
17:36:09.116 [Test worker] DEBUG org.apache.hc.client5.http.impl.classic.InternalHttpClient - ex-00000001: acquiring endpoint (3 MINUTES)
17:36:09.118 [Test worker] DEBUG org.apache.hc.client5.http.impl.io.PoolingHttpClientConnectionManager - ex-00000001: endpoint lease request (3 MINUTES) [route: {s}->https://chromedriver.storage.googleapis.com:443][total available: 0; route allocated: 0 of 5; total allocated: 0 of 25]
17:36:09.121 [Test worker] DEBUG org.apache.hc.client5.http.impl.io.PoolingHttpClientConnectionManager - ex-00000001: endpoint leased [route: {s}->https://chromedriver.storage.googleapis.com:443][total available: 0; route allocated: 1 of 5; total allocated: 1 of 25]
17:36:09.153 [Test worker] DEBUG org.apache.hc.client5.http.impl.io.PoolingHttpClientConnectionManager - ex-00000001: acquired ep-00000000
17:36:09.153 [Test worker] DEBUG org.apache.hc.client5.http.impl.classic.InternalHttpClient - ex-00000001: acquired endpoint ep-00000000
17:36:09.153 [Test worker] DEBUG org.apache.hc.client5.http.impl.classic.ConnectExec - ex-00000001: opening connection {s}->https://chromedriver.storage.googleapis.com:443
17:36:09.162 [Test worker] DEBUG org.apache.hc.client5.http.impl.classic.InternalHttpClient - ep-00000000: connecting endpoint (30 SECONDS)
17:36:09.162 [Test worker] DEBUG org.apache.hc.client5.http.impl.io.PoolingHttpClientConnectionManager - ep-00000000: connecting endpoint to https://chromedriver.storage.googleapis.com:443 (30 SECONDS)
17:36:09.274 [Test worker] DEBUG org.apache.hc.client5.http.impl.io.DefaultHttpClientConnectionOperator - http-outgoing-0: connecting to chromedriver.storage.googleapis.com/142.250.78.48:443
17:36:09.274 [Test worker] DEBUG org.apache.hc.client5.http.ssl.SSLConnectionSocketFactory - Connecting socket to chromedriver.storage.googleapis.com/142.250.78.48:443 with timeout 30 SECONDS
17:36:09.449 [Test worker] DEBUG org.apache.hc.client5.http.ssl.SSLConnectionSocketFactory - Enabled protocols: [TLSv1.3, TLSv1.2]
17:36:09.450 [Test worker] DEBUG org.apache.hc.client5.http.ssl.SSLConnectionSocketFactory - Enabled cipher suites: [TLS_AES_256_GCM_SHA384, TLS_AES_128_GCM_SHA256, TLS_ECDHE_ECDSA_WITH_AES_256_GCM_SHA384, TLS_ECDHE_ECDSA_WITH_AES_128_GCM_SHA256, TLS_ECDHE_RSA_WITH_AES_256_GCM_SHA384, TLS_ECDHE_RSA_WITH_AES_128_GCM_SHA256, TLS_DHE_RSA_WITH_AES_256_GCM_SHA384, TLS_DHE_DSS_WITH_AES_256_GCM_SHA384, TLS_DHE_RSA_WITH_AES_128_GCM_SHA256, TLS_DHE_DSS_WITH_AES_128_GCM_SHA256, TLS_ECDHE_ECDSA_WITH_AES_256_CBC_SHA384, TLS_ECDHE_RSA_WITH_AES_256_CBC_SHA384, TLS_ECDHE_ECDSA_WITH_AES_128_CBC_SHA256, TLS_ECDHE_RSA_WITH_AES_128_CBC_SHA256, TLS_DHE_RSA_WITH_AES_256_CBC_SHA256, TLS_DHE_DSS_WITH_AES_256_CBC_SHA256, TLS_DHE_RSA_WITH_AES_128_CBC_SHA256, TLS_DHE_DSS_WITH_AES_128_CBC_SHA256, TLS_ECDH_ECDSA_WITH_AES_256_GCM_SHA384, TLS_ECDH_RSA_WITH_AES_256_GCM_SHA384, TLS_ECDH_ECDSA_WITH_AES_128_GCM_SHA256, TLS_ECDH_RSA_WITH_AES_128_GCM_SHA256, TLS_ECDH_ECDSA_WITH_AES_256_CBC_SHA384, TLS_ECDH_RSA_WITH_AES_256_CBC_SHA384, TLS_ECDH_ECDSA_WITH_AES_128_CBC_SHA256, TLS_ECDH_RSA_WITH_AES_128_CBC_SHA256, TLS_ECDHE_ECDSA_WITH_AES_256_CBC_SHA, TLS_ECDHE_RSA_WITH_AES_256_CBC_SHA, TLS_ECDHE_ECDSA_WITH_AES_128_CBC_SHA, TLS_ECDHE_RSA_WITH_AES_128_CBC_SHA, TLS_DHE_RSA_WITH_AES_256_CBC_SHA, TLS_DHE_DSS_WITH_AES_256_CBC_SHA, TLS_DHE_RSA_WITH_AES_128_CBC_SHA, TLS_DHE_DSS_WITH_AES_128_CBC_SHA, TLS_ECDH_ECDSA_WITH_AES_256_CBC_SHA, TLS_ECDH_RSA_WITH_AES_256_CBC_SHA, TLS_ECDH_ECDSA_WITH_AES_128_CBC_SHA, TLS_ECDH_RSA_WITH_AES_128_CBC_SHA, TLS_RSA_WITH_AES_256_GCM_SHA384, TLS_RSA_WITH_AES_128_GCM_SHA256, TLS_RSA_WITH_AES_256_CBC_SHA256, TLS_RSA_WITH_AES_128_CBC_SHA256, TLS_RSA_WITH_AES_256_CBC_SHA, TLS_RSA_WITH_AES_128_CBC_SHA, TLS_EMPTY_RENEGOTIATION_INFO_SCSV]
17:36:09.450 [Test worker] DEBUG org.apache.hc.client5.http.ssl.SSLConnectionSocketFactory - Starting handshake
17:36:09.968 [Test worker] DEBUG org.apache.hc.client5.http.ssl.SSLConnectionSocketFactory - Secure session established
17:36:09.968 [Test worker] DEBUG org.apache.hc.client5.http.ssl.SSLConnectionSocketFactory -  negotiated protocol: TLSv1.2
17:36:09.968 [Test worker] DEBUG org.apache.hc.client5.http.ssl.SSLConnectionSocketFactory -  negotiated cipher suite: TLS_ECDHE_ECDSA_WITH_AES_128_GCM_SHA256
17:36:09.976 [Test worker] DEBUG org.apache.hc.client5.http.ssl.SSLConnectionSocketFactory -  peer principal: CN=*.storage.googleapis.com
17:36:09.978 [Test worker] DEBUG org.apache.hc.client5.http.ssl.SSLConnectionSocketFactory -  peer alternative names: [*.storage.googleapis.com, *.googleapis.com, commondatastorage.googleapis.com, *.commondatastorage.googleapis.com, storage.googleapis.com, storage.mtls.googleapis.com, *.appspot.com.storage.googleapis.com, *.content-storage.googleapis.com, *.content-storage-p2.googleapis.com, *.content-storage-upload.googleapis.com, *.content-storage-download.googleapis.com, *.storage-upload.googleapis.com, *.storage-download.googleapis.com]
17:36:09.979 [Test worker] DEBUG org.apache.hc.client5.http.ssl.SSLConnectionSocketFactory -  issuer principal: CN=GTS CA 1C3, O=Google Trust Services LLC, C=US
17:36:09.979 [Test worker] DEBUG org.apache.hc.client5.http.impl.io.DefaultHttpClientConnectionOperator - http-outgoing-0: connection established 192.168.0.17:51941<->142.250.78.48:443
17:36:09.979 [Test worker] DEBUG org.apache.hc.client5.http.impl.io.PoolingHttpClientConnectionManager - ep-00000000: connected http-outgoing-0
17:36:09.979 [Test worker] DEBUG org.apache.hc.client5.http.impl.classic.InternalHttpClient - ep-00000000: endpoint connected
17:36:09.988 [Test worker] DEBUG org.apache.hc.client5.http.impl.classic.MainClientExec - ex-00000001: executing GET /LATEST_RELEASE_104 HTTP/1.1
17:36:09.988 [Test worker] DEBUG org.apache.hc.client5.http.impl.classic.InternalHttpClient - ep-00000000: start execution ex-00000001
17:36:09.988 [Test worker] DEBUG org.apache.hc.client5.http.impl.io.PoolingHttpClientConnectionManager - ep-00000000: executing exchange ex-00000001 over http-outgoing-0
17:36:09.996 [Test worker] DEBUG org.apache.hc.client5.http.headers - http-outgoing-0 >> GET /LATEST_RELEASE_104 HTTP/1.1
17:36:09.996 [Test worker] DEBUG org.apache.hc.client5.http.headers - http-outgoing-0 >> user-agent: Apache-HttpClient/5.0
17:36:09.996 [Test worker] DEBUG org.apache.hc.client5.http.headers - http-outgoing-0 >> accept-encoding: gzip, deflate, br
17:36:09.996 [Test worker] DEBUG org.apache.hc.client5.http.headers - http-outgoing-0 >> cache-control: max-age=0
17:36:09.996 [Test worker] DEBUG org.apache.hc.client5.http.headers - http-outgoing-0 >> connection: keep-alive
17:36:09.996 [Test worker] DEBUG org.apache.hc.client5.http.headers - http-outgoing-0 >> Host: chromedriver.storage.googleapis.com
17:36:09.996 [Test worker] DEBUG org.apache.hc.client5.http.wire - http-outgoing-0 >> "GET /LATEST_RELEASE_104 HTTP/1.1[\r][\n]"
17:36:09.996 [Test worker] DEBUG org.apache.hc.client5.http.wire - http-outgoing-0 >> "user-agent: Apache-HttpClient/5.0[\r][\n]"
17:36:09.996 [Test worker] DEBUG org.apache.hc.client5.http.wire - http-outgoing-0 >> "accept-encoding: gzip, deflate, br[\r][\n]"
17:36:09.996 [Test worker] DEBUG org.apache.hc.client5.http.wire - http-outgoing-0 >> "cache-control: max-age=0[\r][\n]"
17:36:09.996 [Test worker] DEBUG org.apache.hc.client5.http.wire - http-outgoing-0 >> "connection: keep-alive[\r][\n]"
17:36:09.996 [Test worker] DEBUG org.apache.hc.client5.http.wire - http-outgoing-0 >> "Host: chromedriver.storage.googleapis.com[\r][\n]"
17:36:09.996 [Test worker] DEBUG org.apache.hc.client5.http.wire - http-outgoing-0 >> "[\r][\n]"
17:36:10.038 [Test worker] DEBUG org.apache.hc.client5.http.wire - http-outgoing-0 << "HTTP/1.1 200 OK[\r][\n]"
17:36:10.038 [Test worker] DEBUG org.apache.hc.client5.http.wire - http-outgoing-0 << "X-GUploader-UploadID: ADPycdsMCAnIoDM99rTjOqIt2PBeu2CM9__6bezZCEKV2t-DouAQa7luiGA-yxdUd11z6FjsEHCVaiYDoGDKdpVIxtA2XlXWygmH[\r][\n]"
17:36:10.038 [Test worker] DEBUG org.apache.hc.client5.http.wire - http-outgoing-0 << "x-goog-generation: 1659524645014447[\r][\n]"
17:36:10.038 [Test worker] DEBUG org.apache.hc.client5.http.wire - http-outgoing-0 << "x-goog-metageneration: 1[\r][\n]"
17:36:10.038 [Test worker] DEBUG org.apache.hc.client5.http.wire - http-outgoing-0 << "x-goog-stored-content-encoding: identity[\r][\n]"
17:36:10.038 [Test worker] DEBUG org.apache.hc.client5.http.wire - http-outgoing-0 << "x-goog-stored-content-length: 13[\r][\n]"
17:36:10.038 [Test worker] DEBUG org.apache.hc.client5.http.wire - http-outgoing-0 << "x-goog-hash: crc32c=CBbVHA==[\r][\n]"
17:36:10.038 [Test worker] DEBUG org.apache.hc.client5.http.wire - http-outgoing-0 << "x-goog-hash: md5=bsnyTKhNykeBMgCI7m/eUw==[\r][\n]"
17:36:10.038 [Test worker] DEBUG org.apache.hc.client5.http.wire - http-outgoing-0 << "x-goog-storage-class: STANDARD[\r][\n]"
17:36:10.038 [Test worker] DEBUG org.apache.hc.client5.http.wire - http-outgoing-0 << "Accept-Ranges: bytes[\r][\n]"
17:36:10.038 [Test worker] DEBUG org.apache.hc.client5.http.wire - http-outgoing-0 << "Content-Length: 13[\r][\n]"
17:36:10.038 [Test worker] DEBUG org.apache.hc.client5.http.wire - http-outgoing-0 << "Server: UploadServer[\r][\n]"
17:36:10.038 [Test worker] DEBUG org.apache.hc.client5.http.wire - http-outgoing-0 << "Date: Sat, 13 Aug 2022 22:26:30 GMT[\r][\n]"
17:36:10.038 [Test worker] DEBUG org.apache.hc.client5.http.wire - http-outgoing-0 << "Expires: Sat, 13 Aug 2022 23:26:30 GMT[\r][\n]"
17:36:10.038 [Test worker] DEBUG org.apache.hc.client5.http.wire - http-outgoing-0 << "Cache-Control: public, max-age=3600[\r][\n]"
17:36:10.046 [Test worker] DEBUG org.apache.hc.client5.http.wire - http-outgoing-0 << "Age: 577[\r][\n]"
17:36:10.046 [Test worker] DEBUG org.apache.hc.client5.http.wire - http-outgoing-0 << "Last-Modified: Wed, 03 Aug 2022 11:04:05 GMT[\r][\n]"
17:36:10.046 [Test worker] DEBUG org.apache.hc.client5.http.wire - http-outgoing-0 << "ETag: "6ec9f24ca84dca4781320088ee6fde53"[\r][\n]"
17:36:10.046 [Test worker] DEBUG org.apache.hc.client5.http.wire - http-outgoing-0 << "Content-Type: text/plain[\r][\n]"
17:36:10.046 [Test worker] DEBUG org.apache.hc.client5.http.wire - http-outgoing-0 << "Alt-Svc: h3=":443"; ma=2592000,h3-29=":443"; ma=2592000,h3-Q050=":443"; ma=2592000,h3-Q046=":443"; ma=2592000,h3-Q043=":443"; ma=2592000,quic=":443"; ma=2592000; v="46,43"[\r][\n]"
17:36:10.046 [Test worker] DEBUG org.apache.hc.client5.http.wire - http-outgoing-0 << "[\r][\n]"
17:36:10.046 [Test worker] DEBUG org.apache.hc.client5.http.wire - http-outgoing-0 << "104.0.5112.79"
17:36:10.065 [Test worker] DEBUG org.apache.hc.client5.http.headers - http-outgoing-0 << HTTP/1.1 200 OK
17:36:10.066 [Test worker] DEBUG org.apache.hc.client5.http.headers - http-outgoing-0 << X-GUploader-UploadID: ADPycdsMCAnIoDM99rTjOqIt2PBeu2CM9__6bezZCEKV2t-DouAQa7luiGA-yxdUd11z6FjsEHCVaiYDoGDKdpVIxtA2XlXWygmH
17:36:10.066 [Test worker] DEBUG org.apache.hc.client5.http.headers - http-outgoing-0 << x-goog-generation: 1659524645014447
17:36:10.066 [Test worker] DEBUG org.apache.hc.client5.http.headers - http-outgoing-0 << x-goog-metageneration: 1
17:36:10.066 [Test worker] DEBUG org.apache.hc.client5.http.headers - http-outgoing-0 << x-goog-stored-content-encoding: identity
17:36:10.066 [Test worker] DEBUG org.apache.hc.client5.http.headers - http-outgoing-0 << x-goog-stored-content-length: 13
17:36:10.066 [Test worker] DEBUG org.apache.hc.client5.http.headers - http-outgoing-0 << x-goog-hash: crc32c=CBbVHA==
17:36:10.066 [Test worker] DEBUG org.apache.hc.client5.http.headers - http-outgoing-0 << x-goog-hash: md5=bsnyTKhNykeBMgCI7m/eUw==
17:36:10.066 [Test worker] DEBUG org.apache.hc.client5.http.headers - http-outgoing-0 << x-goog-storage-class: STANDARD
17:36:10.066 [Test worker] DEBUG org.apache.hc.client5.http.headers - http-outgoing-0 << Accept-Ranges: bytes
17:36:10.066 [Test worker] DEBUG org.apache.hc.client5.http.headers - http-outgoing-0 << Content-Length: 13
17:36:10.066 [Test worker] DEBUG org.apache.hc.client5.http.headers - http-outgoing-0 << Server: UploadServer
17:36:10.066 [Test worker] DEBUG org.apache.hc.client5.http.headers - http-outgoing-0 << Date: Sat, 13 Aug 2022 22:26:30 GMT
17:36:10.066 [Test worker] DEBUG org.apache.hc.client5.http.headers - http-outgoing-0 << Expires: Sat, 13 Aug 2022 23:26:30 GMT
17:36:10.066 [Test worker] DEBUG org.apache.hc.client5.http.headers - http-outgoing-0 << Cache-Control: public, max-age=3600
17:36:10.066 [Test worker] DEBUG org.apache.hc.client5.http.headers - http-outgoing-0 << Age: 577
17:36:10.066 [Test worker] DEBUG org.apache.hc.client5.http.headers - http-outgoing-0 << Last-Modified: Wed, 03 Aug 2022 11:04:05 GMT
17:36:10.066 [Test worker] DEBUG org.apache.hc.client5.http.headers - http-outgoing-0 << ETag: "6ec9f24ca84dca4781320088ee6fde53"
17:36:10.066 [Test worker] DEBUG org.apache.hc.client5.http.headers - http-outgoing-0 << Content-Type: text/plain
17:36:10.066 [Test worker] DEBUG org.apache.hc.client5.http.headers - http-outgoing-0 << Alt-Svc: h3=":443"; ma=2592000,h3-29=":443"; ma=2592000,h3-Q050=":443"; ma=2592000,h3-Q046=":443"; ma=2592000,h3-Q043=":443"; ma=2592000,quic=":443"; ma=2592000; v="46,43"
17:36:10.084 [Test worker] DEBUG org.apache.hc.client5.http.impl.classic.MainClientExec - ex-00000001: connection can be kept alive for 3 MINUTES
17:36:10.092 [Test worker] DEBUG org.apache.hc.client5.http.impl.classic.InternalHttpClient - ep-00000000: releasing valid endpoint
17:36:10.092 [Test worker] DEBUG org.apache.hc.client5.http.impl.io.PoolingHttpClientConnectionManager - ep-00000000: releasing endpoint
17:36:10.092 [Test worker] DEBUG org.apache.hc.client5.http.impl.io.PoolingHttpClientConnectionManager - ep-00000000: connection http-outgoing-0 can be kept alive for 3 MINUTES
17:36:10.092 [Test worker] DEBUG org.apache.hc.client5.http.impl.io.PoolingHttpClientConnectionManager - ep-00000000: connection released [route: {s}->https://chromedriver.storage.googleapis.com:443][total available: 1; route allocated: 1 of 5; total allocated: 1 of 25]
17:36:10.092 [Test worker] DEBUG io.github.bonigarcia.wdm.versions.VersionDetector - Latest version of chromedriver according to https://chromedriver.storage.googleapis.com/LATEST_RELEASE_104 is 104.0.5112.79
17:36:10.092 [Test worker] INFO io.github.bonigarcia.wdm.WebDriverManager - Using chromedriver 104.0.5112.79 (resolved driver for Chrome 104)
17:36:10.101 [Test worker] DEBUG io.github.bonigarcia.wdm.cache.ResolutionCache - Storing resolution chrome=104 in cache (valid until 18:36:10 13/08/2022 COT)
17:36:10.106 [Test worker] DEBUG io.github.bonigarcia.wdm.cache.ResolutionCache - Storing resolution chrome104=104.0.5112.79 in cache (valid until 17:36:10 14/08/2022 COT)
17:36:10.138 [Test worker] DEBUG io.github.bonigarcia.wdm.WebDriverManager - Driver chromedriver 104.0.5112.79 found in cache
17:36:10.155 [Test worker] INFO io.github.bonigarcia.wdm.WebDriverManager - Exporting webdriver.chrome.driver as C:\Users\HOME\.cache\selenium\chromedriver\win32\104.0.5112.79\chromedriver.exe
17:36:10.993 [Test worker] INFO net.serenitybdd.core.webdriver.driverproviders.ProvideNewDriver - Instantiating driver
17:36:10.996 [Test worker] INFO net.serenitybdd.core.webdriver.driverproviders.ProvideNewDriver - Driver capabilities: Capabilities {acceptInsecureCerts: false, browserName: chrome, chrome.switches: --start-maximized --disable..., goog:chromeOptions: {args: [--start-maximized, --disable-popup-blocking], extensions: []}, loggingPrefs: org.openqa.selenium.logging...}
17:36:16.880 [Test worker] DEBUG net.serenitybdd.core.photography.Darkroom - Opening darkroom
17:36:16.883 [Darkroom Processing Line] DEBUG net.serenitybdd.core.photography.DarkroomProcessingLine - Darkroom processing line starting up
17:36:19.569 [Test worker] DEBUG net.serenitybdd.core.photography.Darkroom - Send negative for processing for C:\Users\HOME\Desktop\Semillero SQA\Screenplay\MiRetoScreenplay_JessicaParra\target\site\serenity\fd20c4f572b1eb89c284963bf45d6090f8314b1ee6d9789c885a01abba1c1de7.png
17:36:19.572 [Darkroom Processing Line] DEBUG net.serenitybdd.core.photography.DarkroomProcessingLine - Processing screenshot image in /var/screenshots/screenshot-6695901161671045081
17:36:19.572 [Darkroom Processing Line] DEBUG net.serenitybdd.core.photography.DarkroomProcessingLine - Saving screenshot to C:\Users\HOME\Desktop\Semillero SQA\Screenplay\MiRetoScreenplay_JessicaParra\target\site\serenity\fd20c4f572b1eb89c284963bf45d6090f8314b1ee6d9789c885a01abba1c1de7.png
17:36:19.593 [Test worker] DEBUG net.thucydides.core.steps.StepInterceptor - STEP DONE: {0} opens the #targetPage
17:36:22.565 [Test worker] DEBUG net.serenitybdd.core.photography.Darkroom - Send negative for processing for C:\Users\HOME\Desktop\Semillero SQA\Screenplay\MiRetoScreenplay_JessicaParra\target\site\serenity\f4d546c03a2c1d7e5665aaa209dfb061efe2041bb049f54f4225928d325299d3.png
17:36:22.565 [Darkroom Processing Line] DEBUG net.serenitybdd.core.photography.DarkroomProcessingLine - Processing screenshot image in /var/screenshots/screenshot-8766767178918077076
17:36:22.565 [Darkroom Processing Line] DEBUG net.serenitybdd.core.photography.DarkroomProcessingLine - Saving screenshot to C:\Users\HOME\Desktop\Semillero SQA\Screenplay\MiRetoScreenplay_JessicaParra\target\site\serenity\f4d546c03a2c1d7e5665aaa209dfb061efe2041bb049f54f4225928d325299d3.png
17:36:24.049 [Test worker] DEBUG net.serenitybdd.core.photography.Darkroom - Send negative for processing for C:\Users\HOME\Desktop\Semillero SQA\Screenplay\MiRetoScreenplay_JessicaParra\target\site\serenity\f4d546c03a2c1d7e5665aaa209dfb061efe2041bb049f54f4225928d325299d3.png
17:36:24.054 [Test worker] DEBUG net.thucydides.core.steps.StepInterceptor - STARTING STEP: RegistroStepDefinition.elIngreseLosDatosDeRegistro - performAs
17:36:25.383 [Test worker] DEBUG net.serenitybdd.core.photography.Darkroom - Send negative for processing for C:\Users\HOME\Desktop\Semillero SQA\Screenplay\MiRetoScreenplay_JessicaParra\target\site\serenity\f4d546c03a2c1d7e5665aaa209dfb061efe2041bb049f54f4225928d325299d3.png
17:36:25.390 [Test worker] DEBUG net.thucydides.core.steps.StepInterceptor - STARTING STEP: PaginaPrincipal.performAs - {0} clicks on #target
17:36:25.392 [Test worker] DEBUG net.serenitybdd.screenplay.targets.IFrameSwitcher - default content already selected for Click registrarse
17:36:27.821 [Test worker] DEBUG net.serenitybdd.core.photography.Darkroom - Send negative for processing for C:\Users\HOME\Desktop\Semillero SQA\Screenplay\MiRetoScreenplay_JessicaParra\target\site\serenity\284c9453538f6303d2d8d87654dcf3ce209d26ae5763c0ecae28cb17e8961afe.png
17:36:27.851 [Test worker] DEBUG net.thucydides.core.steps.StepInterceptor - STEP DONE: {0} clicks on #target
17:36:28.432 [Test worker] DEBUG net.serenitybdd.core.photography.Darkroom - Send negative for processing for C:\Users\HOME\Desktop\Semillero SQA\Screenplay\MiRetoScreenplay_JessicaParra\target\site\serenity\6cb51dfd16f6a11da7ba5c9a40f8183be4d00e1c301387eef1d89610109afeca.png
17:36:28.432 [Test worker] DEBUG net.thucydides.core.steps.StepInterceptor - STEP DONE: performAs
17:36:28.952 [Test worker] DEBUG net.serenitybdd.core.photography.Darkroom - Send negative for processing for C:\Users\HOME\Desktop\Semillero SQA\Screenplay\MiRetoScreenplay_JessicaParra\target\site\serenity\6cb51dfd16f6a11da7ba5c9a40f8183be4d00e1c301387eef1d89610109afeca.png
17:36:28.955 [Test worker] DEBUG net.thucydides.core.steps.StepInterceptor - STARTING STEP: RegistroStepDefinition.elIngreseLosDatosDeRegistro - performAs
17:36:32.368 [Test worker] DEBUG net.serenitybdd.core.photography.Darkroom - Send negative for processing for C:\Users\HOME\Desktop\Semillero SQA\Screenplay\MiRetoScreenplay_JessicaParra\target\site\serenity\6cb51dfd16f6a11da7ba5c9a40f8183be4d00e1c301387eef1d89610109afeca.png
17:36:32.371 [Test worker] DEBUG net.thucydides.core.steps.StepInterceptor - STARTING STEP: Registro.performAs - {0} enters #theTextAsAString into #target
17:36:32.372 [Test worker] DEBUG net.serenitybdd.screenplay.targets.IFrameSwitcher - default content already selected for Ingresar correo
17:36:33.534 [Test worker] DEBUG net.serenitybdd.core.photography.Darkroom - Send negative for processing for C:\Users\HOME\Desktop\Semillero SQA\Screenplay\MiRetoScreenplay_JessicaParra\target\site\serenity\166197e365adfec2e9b9023ccbab4764753d228252bdba9d90c57bd6b744ccaf.png
17:36:33.534 [Darkroom Processing Line] DEBUG net.serenitybdd.core.photography.DarkroomProcessingLine - Processing screenshot image in /var/screenshots/screenshot-8383918035811329809
17:36:33.534 [Darkroom Processing Line] DEBUG net.serenitybdd.core.photography.DarkroomProcessingLine - Saving screenshot to C:\Users\HOME\Desktop\Semillero SQA\Screenplay\MiRetoScreenplay_JessicaParra\target\site\serenity\166197e365adfec2e9b9023ccbab4764753d228252bdba9d90c57bd6b744ccaf.png
17:36:33.578 [Test worker] DEBUG net.thucydides.core.steps.StepInterceptor - STEP DONE: {0} enters #theTextAsAString into #target
17:36:34.058 [Test worker] DEBUG net.serenitybdd.core.photography.Darkroom - Send negative for processing for C:\Users\HOME\Desktop\Semillero SQA\Screenplay\MiRetoScreenplay_JessicaParra\target\site\serenity\836b1dbe3d67bf6dfbf199c8282bb2fb0069b8f57cd333d69c80d5e57c56416b.png
17:36:34.058 [Darkroom Processing Line] DEBUG net.serenitybdd.core.photography.DarkroomProcessingLine - Processing screenshot image in /var/screenshots/screenshot-3440688812092937471
17:36:34.058 [Darkroom Processing Line] DEBUG net.serenitybdd.core.photography.DarkroomProcessingLine - Saving screenshot to C:\Users\HOME\Desktop\Semillero SQA\Screenplay\MiRetoScreenplay_JessicaParra\target\site\serenity\836b1dbe3d67bf6dfbf199c8282bb2fb0069b8f57cd333d69c80d5e57c56416b.png
17:36:34.060 [Test worker] DEBUG net.thucydides.core.steps.StepInterceptor - STARTING STEP: Registro.performAs - {0} enters #theTextAsAString into #target
17:36:34.061 [Test worker] DEBUG net.serenitybdd.screenplay.targets.IFrameSwitcher - default content already selected for Ingresar contraseña
17:36:35.190 [Test worker] DEBUG net.serenitybdd.core.photography.Darkroom - Send negative for processing for C:\Users\HOME\Desktop\Semillero SQA\Screenplay\MiRetoScreenplay_JessicaParra\target\site\serenity\e59f3ba6c6bf69dc7e929ec25dad104168d5ced0a6583b1a887f0f7e3855a73e.png
17:36:35.190 [Darkroom Processing Line] DEBUG net.serenitybdd.core.photography.DarkroomProcessingLine - Processing screenshot image in /var/screenshots/screenshot-7102859291988109706
17:36:35.190 [Darkroom Processing Line] DEBUG net.serenitybdd.core.photography.DarkroomProcessingLine - Saving screenshot to C:\Users\HOME\Desktop\Semillero SQA\Screenplay\MiRetoScreenplay_JessicaParra\target\site\serenity\e59f3ba6c6bf69dc7e929ec25dad104168d5ced0a6583b1a887f0f7e3855a73e.png
17:36:35.211 [Test worker] DEBUG net.thucydides.core.steps.StepInterceptor - STEP DONE: {0} enters #theTextAsAString into #target
17:36:35.574 [Test worker] DEBUG net.serenitybdd.core.photography.Darkroom - Send negative for processing for C:\Users\HOME\Desktop\Semillero SQA\Screenplay\MiRetoScreenplay_JessicaParra\target\site\serenity\e59f3ba6c6bf69dc7e929ec25dad104168d5ced0a6583b1a887f0f7e3855a73e.png
17:36:35.577 [Test worker] DEBUG net.thucydides.core.steps.StepInterceptor - STARTING STEP: Registro.performAs - {0} enters #theTextAsAString into #target
17:36:35.577 [Test worker] DEBUG net.serenitybdd.screenplay.targets.IFrameSwitcher - default content already selected for Ingresar confirmacion contraseña
17:36:36.486 [Test worker] DEBUG net.serenitybdd.core.photography.Darkroom - Send negative for processing for C:\Users\HOME\Desktop\Semillero SQA\Screenplay\MiRetoScreenplay_JessicaParra\target\site\serenity\2ec095566af6ebee729d477d79b8f0e7b74a44c75d93ef5bc9802d771cd0ff78.png
17:36:36.486 [Darkroom Processing Line] DEBUG net.serenitybdd.core.photography.DarkroomProcessingLine - Processing screenshot image in /var/screenshots/screenshot-5638577490172166811
17:36:36.486 [Darkroom Processing Line] DEBUG net.serenitybdd.core.photography.DarkroomProcessingLine - Saving screenshot to C:\Users\HOME\Desktop\Semillero SQA\Screenplay\MiRetoScreenplay_JessicaParra\target\site\serenity\2ec095566af6ebee729d477d79b8f0e7b74a44c75d93ef5bc9802d771cd0ff78.png
17:36:36.513 [Test worker] DEBUG net.thucydides.core.steps.StepInterceptor - STEP DONE: {0} enters #theTextAsAString into #target
17:36:36.897 [Test worker] DEBUG net.serenitybdd.core.photography.Darkroom - Send negative for processing for C:\Users\HOME\Desktop\Semillero SQA\Screenplay\MiRetoScreenplay_JessicaParra\target\site\serenity\6ea8deaf1e95bfaaaa7837360b096f27bf263236a8500c3a7f65d6c275e809ef.png
17:36:36.897 [Darkroom Processing Line] DEBUG net.serenitybdd.core.photography.DarkroomProcessingLine - Processing screenshot image in /var/screenshots/screenshot-7810054285395585541
17:36:36.897 [Darkroom Processing Line] DEBUG net.serenitybdd.core.photography.DarkroomProcessingLine - Saving screenshot to C:\Users\HOME\Desktop\Semillero SQA\Screenplay\MiRetoScreenplay_JessicaParra\target\site\serenity\6ea8deaf1e95bfaaaa7837360b096f27bf263236a8500c3a7f65d6c275e809ef.png
17:36:36.899 [Test worker] DEBUG net.thucydides.core.steps.StepInterceptor - STARTING STEP: Registro.performAs - {0} enters #theTextAsAString into #target
17:36:36.901 [Test worker] DEBUG net.serenitybdd.screenplay.targets.IFrameSwitcher - default content already selected for Ingresar nombre
17:36:37.890 [Test worker] DEBUG net.serenitybdd.core.photography.Darkroom - Send negative for processing for C:\Users\HOME\Desktop\Semillero SQA\Screenplay\MiRetoScreenplay_JessicaParra\target\site\serenity\ff30f9f3cea425b53b08fe90a831614fb88f432f7679df7445d993fc6ded91f0.png
17:36:37.890 [Darkroom Processing Line] DEBUG net.serenitybdd.core.photography.DarkroomProcessingLine - Processing screenshot image in /var/screenshots/screenshot-7716793867208519128
17:36:37.890 [Darkroom Processing Line] DEBUG net.serenitybdd.core.photography.DarkroomProcessingLine - Saving screenshot to C:\Users\HOME\Desktop\Semillero SQA\Screenplay\MiRetoScreenplay_JessicaParra\target\site\serenity\ff30f9f3cea425b53b08fe90a831614fb88f432f7679df7445d993fc6ded91f0.png
17:36:37.931 [Test worker] DEBUG net.thucydides.core.steps.StepInterceptor - STEP DONE: {0} enters #theTextAsAString into #target
17:36:38.313 [Test worker] DEBUG net.serenitybdd.core.photography.Darkroom - Send negative for processing for C:\Users\HOME\Desktop\Semillero SQA\Screenplay\MiRetoScreenplay_JessicaParra\target\site\serenity\eb391e3f2279fc0d4a194ac75c960d7c5142b65ebda6b406f4eee6d55b4370a9.png
17:36:38.313 [Darkroom Processing Line] DEBUG net.serenitybdd.core.photography.DarkroomProcessingLine - Processing screenshot image in /var/screenshots/screenshot-937541502420865177
17:36:38.313 [Darkroom Processing Line] DEBUG net.serenitybdd.core.photography.DarkroomProcessingLine - Saving screenshot to C:\Users\HOME\Desktop\Semillero SQA\Screenplay\MiRetoScreenplay_JessicaParra\target\site\serenity\eb391e3f2279fc0d4a194ac75c960d7c5142b65ebda6b406f4eee6d55b4370a9.png
17:36:38.317 [Test worker] DEBUG net.thucydides.core.steps.StepInterceptor - STARTING STEP: Registro.performAs - {0} enters #theTextAsAString into #target
17:36:38.317 [Test worker] DEBUG net.serenitybdd.screenplay.targets.IFrameSwitcher - default content already selected for Ingresar apellidos
17:36:39.243 [Test worker] DEBUG net.serenitybdd.core.photography.Darkroom - Send negative for processing for C:\Users\HOME\Desktop\Semillero SQA\Screenplay\MiRetoScreenplay_JessicaParra\target\site\serenity\4737b7e3302a9b63a60de7eb5ec350e253d1a89d5288ca7730ca495649a7cfd0.png
17:36:39.243 [Darkroom Processing Line] DEBUG net.serenitybdd.core.photography.DarkroomProcessingLine - Processing screenshot image in /var/screenshots/screenshot-6771195166600880537
17:36:39.243 [Darkroom Processing Line] DEBUG net.serenitybdd.core.photography.DarkroomProcessingLine - Saving screenshot to C:\Users\HOME\Desktop\Semillero SQA\Screenplay\MiRetoScreenplay_JessicaParra\target\site\serenity\4737b7e3302a9b63a60de7eb5ec350e253d1a89d5288ca7730ca495649a7cfd0.png
17:36:39.263 [Test worker] DEBUG net.thucydides.core.steps.StepInterceptor - STEP DONE: {0} enters #theTextAsAString into #target
17:36:39.281 [Test worker] DEBUG net.thucydides.core.steps.StepInterceptor - STARTING STEP: Registro.performAs - {0} enters #theTextAsAString into #target
17:36:39.283 [Test worker] DEBUG net.serenitybdd.screenplay.targets.IFrameSwitcher - default content already selected for Ingresar numero de documento
17:36:40.274 [Test worker] DEBUG net.serenitybdd.core.photography.Darkroom - Send negative for processing for C:\Users\HOME\Desktop\Semillero SQA\Screenplay\MiRetoScreenplay_JessicaParra\target\site\serenity\afd3aea28a96c0c72fce1f29e41b41112c58aca980d9071fd29f476acb34e593.png
17:36:40.274 [Darkroom Processing Line] DEBUG net.serenitybdd.core.photography.DarkroomProcessingLine - Processing screenshot image in /var/screenshots/screenshot-9052810936702952653
17:36:40.274 [Darkroom Processing Line] DEBUG net.serenitybdd.core.photography.DarkroomProcessingLine - Saving screenshot to C:\Users\HOME\Desktop\Semillero SQA\Screenplay\MiRetoScreenplay_JessicaParra\target\site\serenity\afd3aea28a96c0c72fce1f29e41b41112c58aca980d9071fd29f476acb34e593.png
17:36:40.300 [Test worker] DEBUG net.thucydides.core.steps.StepInterceptor - STEP DONE: {0} enters #theTextAsAString into #target
17:36:40.706 [Test worker] DEBUG net.serenitybdd.core.photography.Darkroom - Send negative for processing for C:\Users\HOME\Desktop\Semillero SQA\Screenplay\MiRetoScreenplay_JessicaParra\target\site\serenity\7b744b4090c0a23d5b6e3acfadf9926eae831e6d6151dc2a19773a5b0b6ceae4.png
17:36:40.706 [Darkroom Processing Line] DEBUG net.serenitybdd.core.photography.DarkroomProcessingLine - Processing screenshot image in /var/screenshots/screenshot-946166411208831996
17:36:40.707 [Darkroom Processing Line] DEBUG net.serenitybdd.core.photography.DarkroomProcessingLine - Saving screenshot to C:\Users\HOME\Desktop\Semillero SQA\Screenplay\MiRetoScreenplay_JessicaParra\target\site\serenity\7b744b4090c0a23d5b6e3acfadf9926eae831e6d6151dc2a19773a5b0b6ceae4.png
17:36:40.709 [Test worker] DEBUG net.thucydides.core.steps.StepInterceptor - STARTING STEP: Registro.performAs - {0} select #visibleText on #target
17:36:40.710 [Test worker] DEBUG net.serenitybdd.screenplay.targets.IFrameSwitcher - default content already selected for Seleccionar tipo de documento
17:36:41.630 [Test worker] DEBUG net.serenitybdd.core.photography.Darkroom - Send negative for processing for C:\Users\HOME\Desktop\Semillero SQA\Screenplay\MiRetoScreenplay_JessicaParra\target\site\serenity\b7f45803f41bc961d136433dcc710bc605b3b3075025d9682cedcc5886cb5d06.png
17:36:41.630 [Darkroom Processing Line] DEBUG net.serenitybdd.core.photography.DarkroomProcessingLine - Processing screenshot image in /var/screenshots/screenshot-1884882792057971184
17:36:41.631 [Darkroom Processing Line] DEBUG net.serenitybdd.core.photography.DarkroomProcessingLine - Saving screenshot to C:\Users\HOME\Desktop\Semillero SQA\Screenplay\MiRetoScreenplay_JessicaParra\target\site\serenity\b7f45803f41bc961d136433dcc710bc605b3b3075025d9682cedcc5886cb5d06.png
17:36:41.659 [Test worker] DEBUG net.thucydides.core.steps.StepInterceptor - STEP DONE: {0} select #visibleText on #target
17:36:42.042 [Test worker] DEBUG net.serenitybdd.core.photography.Darkroom - Send negative for processing for C:\Users\HOME\Desktop\Semillero SQA\Screenplay\MiRetoScreenplay_JessicaParra\target\site\serenity\b7f45803f41bc961d136433dcc710bc605b3b3075025d9682cedcc5886cb5d06.png
17:36:42.044 [Test worker] DEBUG net.thucydides.core.steps.StepInterceptor - STARTING STEP: Registro.performAs - {0} enters #theTextAsAString into #target
17:36:42.044 [Test worker] DEBUG net.serenitybdd.screenplay.targets.IFrameSwitcher - default content already selected for Ingresar dia de nacimiento
17:36:43.239 [Test worker] DEBUG net.serenitybdd.core.photography.Darkroom - Send negative for processing for C:\Users\HOME\Desktop\Semillero SQA\Screenplay\MiRetoScreenplay_JessicaParra\target\site\serenity\3f31d136cafe9e65818560fdac6addfea53d45e4df8d368317c6d0f200c10622.png
17:36:43.240 [Darkroom Processing Line] DEBUG net.serenitybdd.core.photography.DarkroomProcessingLine - Processing screenshot image in /var/screenshots/screenshot-4663350249657964473
17:36:43.240 [Darkroom Processing Line] DEBUG net.serenitybdd.core.photography.DarkroomProcessingLine - Saving screenshot to C:\Users\HOME\Desktop\Semillero SQA\Screenplay\MiRetoScreenplay_JessicaParra\target\site\serenity\3f31d136cafe9e65818560fdac6addfea53d45e4df8d368317c6d0f200c10622.png
17:36:43.271 [Test worker] DEBUG net.thucydides.core.steps.StepInterceptor - STEP DONE: {0} enters #theTextAsAString into #target
17:36:43.818 [Test worker] DEBUG net.serenitybdd.core.photography.Darkroom - Send negative for processing for C:\Users\HOME\Desktop\Semillero SQA\Screenplay\MiRetoScreenplay_JessicaParra\target\site\serenity\77da08821b08072143d21e2d8b6cead4eb76df3788536b76215f6cf821f24c63.png
17:36:43.819 [Darkroom Processing Line] DEBUG net.serenitybdd.core.photography.DarkroomProcessingLine - Processing screenshot image in /var/screenshots/screenshot-4305358161543735606
17:36:43.819 [Darkroom Processing Line] DEBUG net.serenitybdd.core.photography.DarkroomProcessingLine - Saving screenshot to C:\Users\HOME\Desktop\Semillero SQA\Screenplay\MiRetoScreenplay_JessicaParra\target\site\serenity\77da08821b08072143d21e2d8b6cead4eb76df3788536b76215f6cf821f24c63.png
17:36:43.819 [Test worker] DEBUG net.thucydides.core.steps.StepInterceptor - STARTING STEP: Registro.performAs - {0} enters #theTextAsAString into #target
17:36:43.819 [Test worker] DEBUG net.serenitybdd.screenplay.targets.IFrameSwitcher - default content already selected for Ingresar mes de nacimiento
17:36:45.069 [Test worker] DEBUG net.serenitybdd.core.photography.Darkroom - Send negative for processing for C:\Users\HOME\Desktop\Semillero SQA\Screenplay\MiRetoScreenplay_JessicaParra\target\site\serenity\95e0a65b053fd43152c51c8beb457459a164ff3831faa2400c61c8cf4d5c8e7a.png
17:36:45.070 [Darkroom Processing Line] DEBUG net.serenitybdd.core.photography.DarkroomProcessingLine - Processing screenshot image in /var/screenshots/screenshot-1338029575111702832
17:36:45.070 [Darkroom Processing Line] DEBUG net.serenitybdd.core.photography.DarkroomProcessingLine - Saving screenshot to C:\Users\HOME\Desktop\Semillero SQA\Screenplay\MiRetoScreenplay_JessicaParra\target\site\serenity\95e0a65b053fd43152c51c8beb457459a164ff3831faa2400c61c8cf4d5c8e7a.png
17:36:45.101 [Test worker] DEBUG net.thucydides.core.steps.StepInterceptor - STEP DONE: {0} enters #theTextAsAString into #target
17:36:45.591 [Test worker] DEBUG net.serenitybdd.core.photography.Darkroom - Send negative for processing for C:\Users\HOME\Desktop\Semillero SQA\Screenplay\MiRetoScreenplay_JessicaParra\target\site\serenity\6be0d518eba7a36fc7e62ed943ac83334e110020803d8e4afc611b08f485bb4a.png
17:36:45.592 [Darkroom Processing Line] DEBUG net.serenitybdd.core.photography.DarkroomProcessingLine - Processing screenshot image in /var/screenshots/screenshot-8946662863625442199
17:36:45.592 [Darkroom Processing Line] DEBUG net.serenitybdd.core.photography.DarkroomProcessingLine - Saving screenshot to C:\Users\HOME\Desktop\Semillero SQA\Screenplay\MiRetoScreenplay_JessicaParra\target\site\serenity\6be0d518eba7a36fc7e62ed943ac83334e110020803d8e4afc611b08f485bb4a.png
17:36:45.597 [Test worker] DEBUG net.thucydides.core.steps.StepInterceptor - STARTING STEP: Registro.performAs - {0} select #visibleText on #target
17:36:45.600 [Test worker] DEBUG net.serenitybdd.screenplay.targets.IFrameSwitcher - default content already selected for Seleccionar año de nacimiento
17:36:46.594 [Test worker] DEBUG net.serenitybdd.core.photography.Darkroom - Send negative for processing for C:\Users\HOME\Desktop\Semillero SQA\Screenplay\MiRetoScreenplay_JessicaParra\target\site\serenity\ba5b9e7d4985b1bebcbdca2c911b1fc49b7abcdf9cf60cca7480f50540b8d6ed.png
17:36:46.594 [Darkroom Processing Line] DEBUG net.serenitybdd.core.photography.DarkroomProcessingLine - Processing screenshot image in /var/screenshots/screenshot-3116062148003650699
17:36:46.594 [Darkroom Processing Line] DEBUG net.serenitybdd.core.photography.DarkroomProcessingLine - Saving screenshot to C:\Users\HOME\Desktop\Semillero SQA\Screenplay\MiRetoScreenplay_JessicaParra\target\site\serenity\ba5b9e7d4985b1bebcbdca2c911b1fc49b7abcdf9cf60cca7480f50540b8d6ed.png
17:36:46.628 [Test worker] DEBUG net.thucydides.core.steps.StepInterceptor - STEP DONE: {0} select #visibleText on #target
17:36:47.181 [Test worker] DEBUG net.serenitybdd.core.photography.Darkroom - Send negative for processing for C:\Users\HOME\Desktop\Semillero SQA\Screenplay\MiRetoScreenplay_JessicaParra\target\site\serenity\ba5b9e7d4985b1bebcbdca2c911b1fc49b7abcdf9cf60cca7480f50540b8d6ed.png
17:36:47.184 [Test worker] DEBUG net.thucydides.core.steps.StepInterceptor - STARTING STEP: Registro.performAs - {0} select #visibleText on #target
17:36:47.185 [Test worker] DEBUG net.serenitybdd.screenplay.targets.IFrameSwitcher - default content already selected for Seleccionar sexo
17:36:48.105 [Test worker] DEBUG net.serenitybdd.core.photography.Darkroom - Send negative for processing for C:\Users\HOME\Desktop\Semillero SQA\Screenplay\MiRetoScreenplay_JessicaParra\target\site\serenity\fc01ae9ec5c06fc75af11a92b3655aa3ccc723e21084ab6a0e885512c64e3cb3.png
17:36:48.105 [Darkroom Processing Line] DEBUG net.serenitybdd.core.photography.DarkroomProcessingLine - Processing screenshot image in /var/screenshots/screenshot-5148725366931223596
17:36:48.105 [Darkroom Processing Line] DEBUG net.serenitybdd.core.photography.DarkroomProcessingLine - Saving screenshot to C:\Users\HOME\Desktop\Semillero SQA\Screenplay\MiRetoScreenplay_JessicaParra\target\site\serenity\fc01ae9ec5c06fc75af11a92b3655aa3ccc723e21084ab6a0e885512c64e3cb3.png
17:36:48.135 [Test worker] DEBUG net.thucydides.core.steps.StepInterceptor - STEP DONE: {0} select #visibleText on #target
17:36:48.615 [Test worker] DEBUG net.serenitybdd.core.photography.Darkroom - Send negative for processing for C:\Users\HOME\Desktop\Semillero SQA\Screenplay\MiRetoScreenplay_JessicaParra\target\site\serenity\fc01ae9ec5c06fc75af11a92b3655aa3ccc723e21084ab6a0e885512c64e3cb3.png
17:36:48.617 [Test worker] DEBUG net.thucydides.core.steps.StepInterceptor - STARTING STEP: Registro.performAs - {0} clicks on #target
17:36:48.618 [Test worker] DEBUG net.serenitybdd.screenplay.targets.IFrameSwitcher - default content already selected for Click en enviar
17:36:53.037 [Test worker] DEBUG net.serenitybdd.core.photography.Darkroom - Send negative for processing for C:\Users\HOME\Desktop\Semillero SQA\Screenplay\MiRetoScreenplay_JessicaParra\target\site\serenity\5c59266ac9bee25888b557d54d308e1b509194cf0568af4455bfbe08fd4ab07c.png
17:36:53.038 [Darkroom Processing Line] DEBUG net.serenitybdd.core.photography.DarkroomProcessingLine - Processing screenshot image in /var/screenshots/screenshot-1728473184976236234
17:36:53.038 [Darkroom Processing Line] DEBUG net.serenitybdd.core.photography.DarkroomProcessingLine - Saving screenshot to C:\Users\HOME\Desktop\Semillero SQA\Screenplay\MiRetoScreenplay_JessicaParra\target\site\serenity\5c59266ac9bee25888b557d54d308e1b509194cf0568af4455bfbe08fd4ab07c.png
17:36:53.066 [Test worker] DEBUG net.thucydides.core.steps.StepInterceptor - STEP DONE: {0} clicks on #target
17:36:53.658 [Test worker] DEBUG net.serenitybdd.core.photography.Darkroom - Send negative for processing for C:\Users\HOME\Desktop\Semillero SQA\Screenplay\MiRetoScreenplay_JessicaParra\target\site\serenity\5c59266ac9bee25888b557d54d308e1b509194cf0568af4455bfbe08fd4ab07c.png
17:36:53.658 [Test worker] DEBUG net.thucydides.core.steps.StepInterceptor - STEP DONE: performAs
17:36:55.031 [Test worker] DEBUG net.serenitybdd.core.photography.Darkroom - Send negative for processing for C:\Users\HOME\Desktop\Semillero SQA\Screenplay\MiRetoScreenplay_JessicaParra\target\site\serenity\f558076882038d31d65068b2f452624e2c8c32d5bd5c766df1ee42f2cb099ded.png
17:36:55.031 [Darkroom Processing Line] DEBUG net.serenitybdd.core.photography.DarkroomProcessingLine - Processing screenshot image in /var/screenshots/screenshot-7351451071159618846
17:36:55.031 [Darkroom Processing Line] DEBUG net.serenitybdd.core.photography.DarkroomProcessingLine - Saving screenshot to C:\Users\HOME\Desktop\Semillero SQA\Screenplay\MiRetoScreenplay_JessicaParra\target\site\serenity\f558076882038d31d65068b2f452624e2c8c32d5bd5c766df1ee42f2cb099ded.png
17:36:55.837 [Test worker] DEBUG net.serenitybdd.core.photography.Darkroom - Send negative for processing for C:\Users\HOME\Desktop\Semillero SQA\Screenplay\MiRetoScreenplay_JessicaParra\target\site\serenity\f558076882038d31d65068b2f452624e2c8c32d5bd5c766df1ee42f2cb099ded.png
17:36:55.843 [Test worker] DEBUG net.serenitybdd.screenplay.targets.IFrameSwitcher - default content already selected for Registro exitoso
17:36:56.482 [Test worker] DEBUG net.serenitybdd.core.photography.Darkroom - Send negative for processing for C:\Users\HOME\Desktop\Semillero SQA\Screenplay\MiRetoScreenplay_JessicaParra\target\site\serenity\f558076882038d31d65068b2f452624e2c8c32d5bd5c766df1ee42f2cb099ded.png
17:36:57.744 [Test worker] INFO  - 
        __    _____ _____ ____ _____   ____   _    ____  ____  _____ ____  
  _     \ \  |_   _| ____/ ___|_   _| |  _ \ / \  / ___|/ ___|| ____|  _ \ 
 (_)_____| |   | | |  _| \___ \ | |   | |_) / _ \ \___ \\___ \|  _| | | | |
  _|_____| |   | | | |___ ___) || |   |  __/ ___ \ ___) |___) | |___| |_| |
 (_)     | |   |_| |_____|____/ |_|   |_| /_/   \_\____/|____/|_____|____/ 
        /_/                                                                

Registro exitoso de un usuario
----------------------------------------------------------------------------
]]></system-out>
  <system-err><![CDATA[Starting ChromeDriver 104.0.5112.79 (3cf3e8c8a07d104b9e1260c910efb8f383285dc5-refs/branch-heads/5112@{#1307}) on port 4013
Only local connections are allowed.
Please see https://chromedriver.chromium.org/security-considerations for suggestions on keeping ChromeDriver safe.
ChromeDriver was started successfully.
ago 13, 2022 5:36:14 PM org.openqa.selenium.remote.ProtocolHandshake createSession
INFORMACIÓN: Detected dialect: W3C
]]></system-err>
</testsuite>
